<?xml version="1.0" encoding="UTF-8"?>
<testng-results ignored="0" total="1" passed="1" failed="0" skipped="0">
  <reporter-output>
  </reporter-output>
  <suite started-at="2022-04-21T00:09:03 WIB" name="Surefire suite" finished-at="2022-04-21T00:09:07 WIB" duration-ms="3529">
    <groups>
    </groups>
    <test started-at="2022-04-21T00:09:03 WIB" name="Surefire test" finished-at="2022-04-21T00:09:07 WIB" duration-ms="3529">
      <class name="com.SwaggerAPI.testCases.PostUserTest">
        <test-method is-config="true" signature="setup()[pri:0, instance:com.SwaggerAPI.testCases.PostUserTest@67c27493]" started-at="2022-04-21T00:09:04 WIB" name="setup" finished-at="2022-04-21T00:09:04 WIB" duration-ms="657" status="PASS">
          <reporter-output>
          </reporter-output>
        </test-method> <!-- setup -->
        <test-method signature="PSTUSR001()[pri:1, instance:com.SwaggerAPI.testCases.PostUserTest@67c27493]" started-at="2022-04-21T00:09:04 WIB" name="PSTUSR001" finished-at="2022-04-21T00:09:07 WIB" duration-ms="2837" status="PASS">
          <reporter-output>
          </reporter-output>
        </test-method> <!-- PSTUSR001 -->
      </class> <!-- com.SwaggerAPI.testCases.PostUserTest -->
    </test> <!-- Surefire test -->
  </suite> <!-- Surefire suite -->
</testng-results>
