<?xml version="1.0" encoding="UTF-8"?>
<testng-results ignored="0" total="1" passed="1" failed="0" skipped="0">
  <reporter-output>
  </reporter-output>
  <suite started-at="2022-04-21T00:10:49 WIB" name="SwaggerAPI Suite" finished-at="2022-04-21T00:10:53 WIB" duration-ms="3901">
    <groups>
    </groups>
    <test started-at="2022-04-21T00:10:49 WIB" name="Swagger API" finished-at="2022-04-21T00:10:53 WIB" duration-ms="3901">
      <class name="com.SwaggerAPI.testCases.PostUserTest">
        <test-method is-config="true" signature="setup()[pri:0, instance:com.SwaggerAPI.testCases.PostUserTest@4d465b11]" started-at="2022-04-21T00:10:49 WIB" name="setup" finished-at="2022-04-21T00:10:50 WIB" duration-ms="586" status="PASS">
          <reporter-output>
          </reporter-output>
        </test-method> <!-- setup -->
        <test-method signature="PSTUSR001()[pri:1, instance:com.SwaggerAPI.testCases.PostUserTest@4d465b11]" started-at="2022-04-21T00:10:50 WIB" name="PSTUSR001" finished-at="2022-04-21T00:10:53 WIB" duration-ms="2957" status="PASS">
          <reporter-output>
          </reporter-output>
        </test-method> <!-- PSTUSR001 -->
      </class> <!-- com.SwaggerAPI.testCases.PostUserTest -->
    </test> <!-- Swagger API -->
  </suite> <!-- SwaggerAPI Suite -->
</testng-results>
